
****** PlanAhead v14.7 (64-bit)
  **** Build 321239 by xbuild on Fri Sep 27 19:29:51 MDT 2013
    ** Copyright 1986-1999, 2001-2013 Xilinx, Inc. All Rights Reserved.

INFO: [Common 17-78] Attempting to get a license: PlanAhead
INFO: [Common 17-290] Got license for PlanAhead
INFO: [Device 21-36] Loading parts and site information from C:/Xilinx/14.7/ISE_DS/PlanAhead/data/parts/arch.xml
Parsing RTL primitives file [C:/Xilinx/14.7/ISE_DS/PlanAhead/data/parts/xilinx/rtl/prims/rtl_prims.xml]
Finished parsing RTL primitives file [C:/Xilinx/14.7/ISE_DS/PlanAhead/data/parts/xilinx/rtl/prims/rtl_prims.xml]
start_gui
source {W:/New York University/Advance_Hardware_Design/ISE_project/Counter/pa.fromNetlist.tcl}
# create_project -name counter -dir "W:/New York University/Advance_Hardware_Design/ISE_project/Counter/planAhead_run_1" -part xc7a100tcsg324-3
create_project: Time (s): elapsed = 00:00:06 . Memory (MB): peak = 410.621 ; gain = 64.680
# set_property design_mode GateLvl [get_property srcset [current_run -impl]]
# set_property edif_top_file "W:/New York University/Advance_Hardware_Design/ISE_project/Counter/decimal_counter.ngc" [ get_property srcset [ current_run ] ]
# add_files -norecurse { {W:/New York University/Advance_Hardware_Design/ISE_project/Counter} }
# set_property target_constrs_file "decimal_counter.ucf" [current_fileset -constrset]
Adding file 'W:/New York University/Advance_Hardware_Design/ISE_project/Counter/decimal_counter.ucf' to fileset 'constrs_1'
INFO: [Common 17-41] Interrupt caught. Command should exit soon.
INFO: [Common 17-344] 'get_property' was cancelled
INFO: [Common 17-344] 'source' was cancelled
exit
ERROR: [Common 17-39] 'stop_gui' failed due to earlier errors.
INFO: [Common 17-206] Exiting PlanAhead at Mon Jul 17 17:20:18 2017...
INFO: [Common 17-83] Releasing license: PlanAhead
